<?xml version="1.0" encoding="UTF-8"?>
<robot generator="Robot 4.1.3 (Python 3.8.10 on linux)" generated="20220318 16:11:29.902" rpa="false" schemaversion="2">
<suite id="s1" name="Demo11 Autoit Suite" source="/home/indranee/Robotframework/selenium_suite/demo11_autoit_suite.robot">
<test id="s1-t1" name="TC1">
<kw name="Open Browser" library="SeleniumLibrary">
<arg>browser=chrome</arg>
<arg>executable_path=${EXECDIR}${/}driver${/}chromedriver</arg>
<doc>Opens a new browser instance to the optional ``url``.</doc>
<msg timestamp="20220318 16:11:50.073" level="INFO">Opening browser 'chrome' to base url 'None'.</msg>
<status status="PASS" starttime="20220318 16:11:50.072" endtime="20220318 16:11:50.855"/>
</kw>
<kw name="Maximize Browser Window" library="SeleniumLibrary">
<doc>Maximizes current browser window.</doc>
<status status="PASS" starttime="20220318 16:11:50.855" endtime="20220318 16:11:50.983"/>
</kw>
<kw name="Set Selenium Implicit Wait" library="SeleniumLibrary">
<arg>30s</arg>
<doc>Sets the implicit wait value used by Selenium.</doc>
<status status="PASS" starttime="20220318 16:11:50.984" endtime="20220318 16:11:50.986"/>
</kw>
<kw name="Set Selenium Speed" library="SeleniumLibrary">
<arg>1s</arg>
<doc>Sets the delay that is waited after each Selenium command.</doc>
<status status="PASS" starttime="20220318 16:11:50.986" endtime="20220318 16:11:50.987"/>
</kw>
<kw name="Go To" library="SeleniumLibrary">
<arg>url=https://softwaretesting.com</arg>
<doc>Navigates the current browser window to the provided ``url``.</doc>
<msg timestamp="20220318 16:11:50.987" level="INFO">Opening url 'https://softwaretesting.com'</msg>
<status status="PASS" starttime="20220318 16:11:50.987" endtime="20220318 16:11:53.732"/>
</kw>
<kw name="SikuliLibrary.Input Text">
<arg>${EMPTY}</arg>
<arg>hello</arg>
<msg timestamp="20220318 16:11:53.738" level="FAIL">No keyword with name 'SikuliLibrary.Input Text' found.</msg>
<status status="FAIL" starttime="20220318 16:11:53.738" endtime="20220318 16:11:53.738"/>
</kw>
<kw name="Close Browser" library="SeleniumLibrary" type="TEARDOWN">
<doc>Closes the current browser.</doc>
<status status="PASS" starttime="20220318 16:11:53.739" endtime="20220318 16:11:54.795"/>
</kw>
<status status="FAIL" starttime="20220318 16:11:50.070" endtime="20220318 16:11:54.795">No keyword with name 'SikuliLibrary.Input Text' found.</status>
</test>
<status status="FAIL" starttime="20220318 16:11:29.902" endtime="20220318 16:11:54.797"/>
</suite>
<statistics>
<total>
<stat pass="0" fail="1" skip="0">All Tests</stat>
</total>
<tag>
</tag>
<suite>
<stat pass="0" fail="1" skip="0" id="s1" name="Demo11 Autoit Suite">Demo11 Autoit Suite</stat>
</suite>
</statistics>
<errors>
<msg timestamp="20220318 16:11:50.068" level="ERROR">Error in file '/home/indranee/Robotframework/selenium_suite/demo11_autoit_suite.robot' on line 3: Initializing library 'SikuliLibrary' with no arguments failed: Start sikuli java process failed!
Traceback (most recent call last):
  File "/home/indranee/.local/lib/python3.8/site-packages/SikuliLibrary/sikuli.py", line 54, in __init__
    self.start_sikuli_process(port)
  File "/home/indranee/.local/lib/python3.8/site-packages/SikuliLibrary/sikuli.py", line 92, in start_sikuli_process
    raise RuntimeError('Start sikuli java process failed!')</msg>
</errors>
</robot>
